d:\c++_code\curriculumdesign\curriculumdesign\x64\debug\vc141.pdb
d:\c++_code\curriculumdesign\curriculumdesign\x64\debug\vc141.idb
d:\c++_code\curriculumdesign\curriculumdesign\x64\debug\stacksimulator.obj
d:\c++_code\curriculumdesign\curriculumdesign\x64\debug\process.obj
d:\c++_code\curriculumdesign\curriculumdesign\x64\debug\list.obj
d:\c++_code\curriculumdesign\curriculumdesign\x64\debug\entryblock.obj
d:\c++_code\curriculumdesign\curriculumdesign\x64\debug\ticks.obj
c:\users\ainiw\desktop\curriculumdesign\curriculumdesign\x64\debug\vc141.pdb
c:\users\ainiw\desktop\curriculumdesign\curriculumdesign\x64\debug\vc141.idb
c:\users\ainiw\desktop\curriculumdesign\curriculumdesign\x64\debug\ticks.obj
c:\users\ainiw\desktop\curriculumdesign\curriculumdesign\x64\debug\stacksimulator.obj
c:\users\ainiw\desktop\curriculumdesign\curriculumdesign\x64\debug\process.obj
c:\users\ainiw\desktop\curriculumdesign\curriculumdesign\x64\debug\list.obj
c:\users\ainiw\desktop\curriculumdesign\curriculumdesign\x64\debug\entryblock.obj
d:\c++_code\curriculumdesign\x64\debug\curriculumdesign.exe
d:\c++_code\curriculumdesign\x64\debug\curriculumdesign.ilk
d:\c++_code\curriculumdesign\x64\debug\curriculumdesign.pdb
c:\users\ainiw\desktop\curriculumdesign\curriculumdesign\x64\debug\entryblock.obj.enc
c:\users\ainiw\desktop\curriculumdesign\x64\debug\curriculumdesign.pdb
c:\users\ainiw\desktop\curriculumdesign\curriculumdesign\x64\debug\curriculumdesign.tlog\cl.command.1.tlog
c:\users\ainiw\desktop\curriculumdesign\curriculumdesign\x64\debug\curriculumdesign.tlog\cl.read.1.tlog
c:\users\ainiw\desktop\curriculumdesign\curriculumdesign\x64\debug\curriculumdesign.tlog\cl.write.1.tlog
c:\users\ainiw\desktop\curriculumdesign\curriculumdesign\x64\debug\curriculumdesign.tlog\link-cvtres.read.1.tlog
c:\users\ainiw\desktop\curriculumdesign\curriculumdesign\x64\debug\curriculumdesign.tlog\link-cvtres.write.1.tlog
c:\users\ainiw\desktop\curriculumdesign\curriculumdesign\x64\debug\curriculumdesign.tlog\link-rc.read.1.tlog
c:\users\ainiw\desktop\curriculumdesign\curriculumdesign\x64\debug\curriculumdesign.tlog\link-rc.write.1.tlog
c:\users\ainiw\desktop\curriculumdesign\curriculumdesign\x64\debug\curriculumdesign.tlog\link.command.1.tlog
c:\users\ainiw\desktop\curriculumdesign\curriculumdesign\x64\debug\curriculumdesign.tlog\link.read.1.tlog
c:\users\ainiw\desktop\curriculumdesign\curriculumdesign\x64\debug\curriculumdesign.tlog\link.write.1.tlog
